<?xml version="1.0" encoding="UTF-8"?>
<testng-results ignored="0" total="1" passed="1" failed="0" skipped="0">
  <reporter-output>
  </reporter-output>
  <suite started-at="2025-08-12T15:56:57 EET" name="Default suite" finished-at="2025-08-12T15:57:08 EET" duration-ms="11119">
    <groups>
    </groups>
    <test started-at="2025-08-12T15:56:57 EET" name="Default test" finished-at="2025-08-12T15:57:08 EET" duration-ms="11119">
      <class name="tests.userTest">
        <test-method is-config="true" signature="setup()[pri:0, instance:tests.userTest@22ff4249]" started-at="2025-08-12T15:56:57 EET" name="setup" finished-at="2025-08-12T15:57:05 EET" duration-ms="8133" status="PASS">
          <reporter-output>
          </reporter-output>
        </test-method> <!-- setup -->
        <test-method signature="myAccount()[pri:1, instance:tests.userTest@22ff4249]" started-at="2025-08-12T15:57:05 EET" name="myAccount" finished-at="2025-08-12T15:57:08 EET" duration-ms="2888" status="PASS">
          <reporter-output>
          </reporter-output>
        </test-method> <!-- myAccount -->
      </class> <!-- tests.userTest -->
    </test> <!-- Default test -->
  </suite> <!-- Default suite -->
</testng-results>
